11-05-2016/wuper/build/outputs/logs/manifest-merger-debug-report.txt
-- Merging decision tree log ---
manifest
ADDED from src/main/AndroidManifest.xml:2:1-53:12
	xmlns:android
		ADDED from src/main/AndroidManifest.xml:2:11-69
	package
		ADDED from src/main/AndroidManifest.xml:3:5-31
		INJECTED from src/main/AndroidManifest.xml
		INJECTED from src/main/AndroidManifest.xml
	android:versionName
		ADDED from src/main/AndroidManifest.xml:5:5-30
		INJECTED from src/main/AndroidManifest.xml
		INJECTED from src/main/AndroidManifest.xml
	android:versionCode
		ADDED from src/main/AndroidManifest.xml:4:5-28
		INJECTED from src/main/AndroidManifest.xml
		INJECTED from src/main/AndroidManifest.xml
uses-sdk
ADDED from src/main/AndroidManifest.xml:7:5-9:41
MERGED from [com.android.support:appcompat-v7:23.0.1] AndroidManifest.xml:20:5-43
MERGED from [com.android.support:support-v4:23.2.1] AndroidManifest.xml:20:5-43
MERGED from [com.android.support:design:23.0.1] AndroidManifest.xml:20:5-43
MERGED from [com.android.support:support-v4:23.2.1] AndroidManifest.xml:20:5-43
MERGED from [com.android.support:appcompat-v7:23.0.1] AndroidManifest.xml:20:5-43
MERGED from [com.android.support:support-v4:23.2.1] AndroidManifest.xml:20:5-43
MERGED from [com.facebook.android:facebook-android-sdk:4.11.0] AndroidManifest.xml:24:5-26:41
MERGED from [com.android.support:support-v4:23.2.1] AndroidManifest.xml:20:5-43
MERGED from [com.android.support:cardview-v7:23.2.1] AndroidManifest.xml:20:5-43
MERGED from [com.android.support:customtabs:23.2.1] AndroidManifest.xml:20:5-44
MERGED from [com.android.support:support-v4:23.2.1] AndroidManifest.xml:20:5-43
	android:targetSdkVersion
		ADDED from src/main/AndroidManifest.xml:9:9-38
		INJECTED from src/main/AndroidManifest.xml
		INJECTED from src/main/AndroidManifest.xml
	android:minSdkVersion
		ADDED from src/main/AndroidManifest.xml:8:9-35
		INJECTED from src/main/AndroidManifest.xml
		INJECTED from src/main/AndroidManifest.xml
uses-permission#android.permission.INTERNET
ADDED from src/main/AndroidManifest.xml:11:5-67
	android:name
		ADDED from src/main/AndroidManifest.xml:11:22-64
application
ADDED from src/main/AndroidManifest.xml:13:5-51:19
MERGED from [com.android.support:appcompat-v7:23.0.1] AndroidManifest.xml:22:5-20
MERGED from [com.android.support:support-v4:23.2.1] AndroidManifest.xml:22:5-20
MERGED from [com.android.support:design:23.0.1] AndroidManifest.xml:22:5-20
MERGED from [com.android.support:support-v4:23.2.1] AndroidManifest.xml:22:5-20
MERGED from [com.android.support:appcompat-v7:23.0.1] AndroidManifest.xml:22:5-20
MERGED from [com.android.support:support-v4:23.2.1] AndroidManifest.xml:22:5-20
MERGED from [com.facebook.android:facebook-android-sdk:4.11.0] AndroidManifest.xml:28:5-20
MERGED from [com.android.support:support-v4:23.2.1] AndroidManifest.xml:22:5-20
MERGED from [com.android.support:cardview-v7:23.2.1] AndroidManifest.xml:22:5-20
MERGED from [com.android.support:customtabs:23.2.1] AndroidManifest.xml:22:5-20
MERGED from [com.android.support:support-v4:23.2.1] AndroidManifest.xml:22:5-20
	android:label
		ADDED from src/main/AndroidManifest.xml:17:9-41
	android:allowBackup
		ADDED from src/main/AndroidManifest.xml:15:9-35
	android:icon
		ADDED from src/main/AndroidManifest.xml:16:9-45
	android:theme
		ADDED from src/main/AndroidManifest.xml:18:9-42
	android:name
		ADDED from src/main/AndroidManifest.xml:14:9-58
activity#com.wuper.offers.activity.LoginActivity
ADDED from src/main/AndroidManifest.xml:20:9-28:20
	android:screenOrientation
		ADDED from src/main/AndroidManifest.xml:22:13-49
	android:label
		ADDED from src/main/AndroidManifest.xml:23:13-45
	android:name
		ADDED from src/main/AndroidManifest.xml:21:13-67
intent-filter#android.intent.action.MAIN+android.intent.category.LAUNCHER
ADDED from src/main/AndroidManifest.xml:24:13-27:29
action#android.intent.action.MAIN
ADDED from src/main/AndroidManifest.xml:25:17-69
	android:name
		ADDED from src/main/AndroidManifest.xml:25:25-66
category#android.intent.category.LAUNCHER
ADDED from src/main/AndroidManifest.xml:26:17-77
	android:name
		ADDED from src/main/AndroidManifest.xml:26:27-74
activity#com.facebook.FacebookActivity
ADDED from src/main/AndroidManifest.xml:30:9-31:52
	android:screenOrientation
		ADDED from src/main/AndroidManifest.xml:31:13-49
	android:name
		ADDED from src/main/AndroidManifest.xml:30:19-63
provider#com.facebook.FacebookContentProvider
ADDED from src/main/AndroidManifest.xml:33:9-35:39
	android:exported
		ADDED from src/main/AndroidManifest.xml:35:13-36
	android:authorities
		ADDED from src/main/AndroidManifest.xml:33:19-96
	android:name
		ADDED from src/main/AndroidManifest.xml:34:13-64
meta-data#com.facebook.sdk.ApplicationId
ADDED from src/main/AndroidManifest.xml:37:9-107
	android:name
		ADDED from src/main/AndroidManifest.xml:37:20-65
	android:value
		ADDED from src/main/AndroidManifest.xml:37:66-105
activity#com.wuper.offers.activity.MainActivity
ADDED from src/main/AndroidManifest.xml:40:9-43:20
	android:screenOrientation
		ADDED from src/main/AndroidManifest.xml:42:13-49
	android:name
		ADDED from src/main/AndroidManifest.xml:41:13-66
activity#com.wuper.offers.activity.PopupActivity
ADDED from src/main/AndroidManifest.xml:45:9-49:20
	android:screenOrientation
		ADDED from src/main/AndroidManifest.xml:47:13-49
	android:theme
		ADDED from src/main/AndroidManifest.xml:48:13-56
	android:name
		ADDED from src/main/AndroidManifest.xml:46:13-67